<?xml version="1.0" encoding="UTF-8"?>
<!-- Generated by org.testng.reporters.JUnitReportReporter -->
<testsuite skipped="0" hostname="Potatos-Mac" name="TestCases.testClass" tests="1" failures="0" timestamp="2021-01-08T17:41:30 WIB" time="0.002" errors="0">
  <testcase name="abcd" time="0.002" classname="TestCases.testClass"/>
</testsuite> <!-- TestCases.testClass -->
