<?xml version="1.0" encoding="UTF-8"?>
<!-- Generated by org.testng.reporters.JUnitReportReporter -->
<testsuite skipped="0" hostname="Potatos-Mac" name="TestCases.UpdatePasswordTest" tests="4" failures="0" timestamp="2021-01-27T16:56:52 WIB" time="8.618" errors="0">
  <testcase name="F02_UpdatePasswordWithNewPasswordAndCoPasswordAreDifferent" time="1.824" classname="TestCases.UpdatePasswordTest"/>
  <testcase name="F03_UpdatePasswordWithCorrectInput" time="0.761" classname="TestCases.UpdatePasswordTest"/>
  <testcase name="F01_UpdatePasswordWithIncorrectCurrentPassword" time="2.423" classname="TestCases.UpdatePasswordTest"/>
  <testcase name="signIn" time="3.610" classname="TestCases.UpdatePasswordTest"/>
</testsuite> <!-- TestCases.UpdatePasswordTest -->
