<?xml version="1.0" encoding="UTF-8"?>
<!-- Generated by org.testng.reporters.JUnitReportReporter -->
<testsuite skipped="0" hostname="Potatos-Mac.local" name="TestCases.EditProfileTest" tests="2" failures="0" timestamp="2021-02-05T19:40:29 WIB" time="6.218" errors="0">
  <testcase name="signIn" time="4.494" classname="TestCases.EditProfileTest"/>
  <testcase name="E01_AccessEditProfileBasicInformationTab" time="1.724" classname="TestCases.EditProfileTest"/>
</testsuite> <!-- TestCases.EditProfileTest -->
