<?xml version="1.0" encoding="UTF-8"?>
<!-- Generated by org.testng.reporters.JUnitReportReporter -->
<testsuite hostname="Potatos-Mac" failures="0" tests="3" name="TestCases.Customer" time="18.201" errors="0" timestamp="2020-04-13T17:59:52 WIB" skipped="0">
  <testcase classname="TestCases.Customer" name="H_001_CheckPageList" time="2.245"/>
  <testcase classname="TestCases.Customer" name="H_003_EditCustomer" time="10.447"/>
  <testcase classname="TestCases.Customer" name="login" time="5.509"/>
</testsuite> <!-- TestCases.Customer -->
