<?xml version="1.0" encoding="UTF-8"?>
<!-- Generated by org.testng.reporters.JUnitReportReporter -->
<testsuite skipped="0" hostname="Potatos-Mac" name="TestCases.LogoutTest" tests="2" failures="0" timestamp="2021-02-14T04:23:27 WIB" time="6.093" errors="0">
  <testcase name="signIn" time="3.773" classname="TestCases.LogoutTest"/>
  <testcase name="logOut" time="2.320" classname="TestCases.LogoutTest"/>
</testsuite> <!-- TestCases.LogoutTest -->
