<?xml version="1.0" encoding="UTF-8"?>
<!-- Generated by org.testng.reporters.JUnitReportReporter -->
<testsuite skipped="0" hostname="Potatos-Mac" name="TestCases.AuthenticationUserSignIn" tests="1" failures="0" timestamp="2021-01-08T14:46:54 WIB" time="2.816" errors="0">
  <testcase name="A_001_LoginwithValidCredential" time="2.816" classname="TestCases.AuthenticationUserSignIn"/>
</testsuite> <!-- TestCases.AuthenticationUserSignIn -->
