<?xml version="1.0" encoding="UTF-8"?>
<!-- Generated by org.testng.reporters.JUnitReportReporter -->
<testsuite skipped="0" hostname="Potatos-Mac.local" name="TestCases.EditProfileTest" tests="5" failures="0" timestamp="2021-02-05T18:57:59 WIB" time="13.944" errors="0">
  <testcase name="signIn" time="3.623" classname="TestCases.EditProfileTest"/>
  <testcase name="E01_AccessEditProfileBasicInformationTab" time="1.544" classname="TestCases.EditProfileTest"/>
  <testcase name="E02_AccessEditProfileSupportingDocumentTab" time="0.169" classname="TestCases.EditProfileTest"/>
  <testcase name="E03_LetMandatoryFieldIsEmptyBasicInfoTab" time="4.244" classname="TestCases.EditProfileTest"/>
  <testcase name="E04_LetMandatoryFieldIsEmptySupportingDocTab" time="4.364" classname="TestCases.EditProfileTest"/>
</testsuite> <!-- TestCases.EditProfileTest -->
