<?xml version="1.0" encoding="UTF-8"?>
<!-- Generated by org.testng.reporters.JUnitReportReporter -->
<testsuite skipped="0" hostname="Potatos-Mac" name="TestCases.SettingOperatorTest" tests="2" failures="0" timestamp="2021-02-15T01:33:00 WIB" time="9.698" errors="0">
  <testcase name="signIn" time="5.329" classname="TestCases.SettingOperatorTest"/>
  <testcase name="Y01_CreateOperatorwithLetOneOrAllMandatoryFieldsAreEmpty" time="4.369" classname="TestCases.SettingOperatorTest"/>
</testsuite> <!-- TestCases.SettingOperatorTest -->
