<?xml version="1.0" encoding="UTF-8"?>
<!-- Generated by org.testng.reporters.JUnitReportReporter -->
<testsuite skipped="0" hostname="Potatos-Mac.local" name="TestCases.AddServiceTest" tests="7" failures="0" timestamp="2021-02-02T07:16:19 WIB" time="32.635" errors="0">
  <testcase name="J04_FourthStepService" time="4.074" classname="TestCases.AddServiceTest"/>
  <testcase name="signIn" time="3.689" classname="TestCases.AddServiceTest"/>
  <testcase name="J03_ThirdStepService" time="0.801" classname="TestCases.AddServiceTest"/>
  <testcase name="J01_FirstStepAddService" time="1.859" classname="TestCases.AddServiceTest"/>
  <testcase name="J05_FifthStepService" time="1.217" classname="TestCases.AddServiceTest"/>
  <testcase name="J06_SixthStepService" time="20.159" classname="TestCases.AddServiceTest"/>
  <testcase name="J02_SecondStepService" time="0.836" classname="TestCases.AddServiceTest"/>
</testsuite> <!-- TestCases.AddServiceTest -->
