<?xml version="1.0" encoding="UTF-8"?>
<!-- Generated by org.testng.reporters.JUnitReportReporter -->
<testsuite skipped="0" hostname="Potatos-Mac.local" name="TestCases.AddServiceTest" tests="7" failures="0" timestamp="2021-02-09T17:31:02 WIB" time="26.526" errors="0">
  <testcase name="signIn" time="4.432" classname="TestCases.AddServiceTest"/>
  <testcase name="J01_FirstStepAddService" time="1.862" classname="TestCases.AddServiceTest"/>
  <testcase name="J02_SecondStepService" time="0.820" classname="TestCases.AddServiceTest"/>
  <testcase name="J03_ThirdStepService" time="0.740" classname="TestCases.AddServiceTest"/>
  <testcase name="J04_FourthStepService" time="4.832" classname="TestCases.AddServiceTest"/>
  <testcase name="J05_FifthStepService" time="1.195" classname="TestCases.AddServiceTest"/>
  <testcase name="J06_SixthStepService" time="12.645" classname="TestCases.AddServiceTest"/>
</testsuite> <!-- TestCases.AddServiceTest -->
