<?xml version="1.0" encoding="UTF-8"?>
<!-- Generated by org.testng.reporters.JUnitReportReporter -->
<testsuite skipped="0" hostname="Potatos-Mac" name="TestCases.AuthenticationSignUpTest" tests="2" failures="0" timestamp="2021-01-09T02:16:55 WIB" time="10.376" errors="0">
  <testcase name="A_003_LoginwithInvalidPassword" time="0.003" classname="TestCases.AuthenticationSignUpTest"/>
  <testcase name="A02_SignUpWithValidCredential" time="10.373" classname="TestCases.AuthenticationSignUpTest"/>
</testsuite> <!-- TestCases.AuthenticationSignUpTest -->
