<?xml version="1.0" encoding="UTF-8"?>
<!-- Generated by org.testng.reporters.JUnitReportReporter -->
<testsuite skipped="0" hostname="Potatos-Mac.local" name="TestCases.DocumentationTest" tests="7" failures="0" timestamp="2021-02-05T18:57:59 WIB" time="6.371" errors="0">
  <testcase name="signIn" time="3.765" classname="TestCases.DocumentationTest"/>
  <testcase name="H01_GettingStarted" time="0.488" classname="TestCases.DocumentationTest"/>
  <testcase name="H02_MerchantOnBoarding" time="0.245" classname="TestCases.DocumentationTest"/>
  <testcase name="H03_ServiceOnBoarding" time="0.244" classname="TestCases.DocumentationTest"/>
  <testcase name="H04_Integration" time="0.593" classname="TestCases.DocumentationTest"/>
  <testcase name="H05_Reporting" time="0.220" classname="TestCases.DocumentationTest"/>
  <testcase name="H06_FAQ" time="0.816" classname="TestCases.DocumentationTest"/>
</testsuite> <!-- TestCases.DocumentationTest -->
