<?xml version="1.0" encoding="UTF-8"?>
<!-- Generated by org.testng.reporters.JUnitReportReporter -->
<testsuite skipped="0" hostname="Potatos-Mac.local" name="TestCases.AuthenticationSignUpTest" tests="1" failures="0" timestamp="2021-02-05T18:57:59 WIB" time="6.593" errors="0">
  <testcase name="A01_SignUpWithInvalidCredential" time="6.593" classname="TestCases.AuthenticationSignUpTest"/>
</testsuite> <!-- TestCases.AuthenticationSignUpTest -->
