<?xml version="1.0" encoding="UTF-8"?>
<!-- Generated by org.testng.reporters.JUnitReportReporter -->
<testsuite hostname="Potatos-Mac" failures="0" tests="5" name="TestCases.Cinemas" time="37.974" errors="0" timestamp="2020-04-08T12:37:15 WIB" skipped="0">
  <testcase classname="TestCases.Cinemas" name="login" time="5.442"/>
  <testcase classname="TestCases.Cinemas" name="F_004_DeleteCinemas" time="8.040"/>
  <testcase classname="TestCases.Cinemas" name="F_001_CheckCinemaList" time="2.233"/>
  <testcase classname="TestCases.Cinemas" name="F_002_CreateNewCinemas" time="10.767"/>
  <testcase classname="TestCases.Cinemas" name="F_003_EditCinemas" time="11.492"/>
</testsuite> <!-- TestCases.Cinemas -->
