<?xml version="1.0" encoding="UTF-8"?>
<!-- Generated by org.testng.reporters.JUnitReportReporter -->
<testsuite skipped="0" hostname="Potatos-Mac" name="TestCases.UserAccess" tests="1" failures="0" timestamp="2021-02-14T04:26:24 WIB" time="4.343" errors="0">
  <testcase name="D02_ApprovedUserLogin" time="4.343" classname="TestCases.UserAccess"/>
</testsuite> <!-- TestCases.UserAccess -->
