<?xml version="1.0" encoding="UTF-8"?>
<!-- Generated by org.testng.reporters.JUnitReportReporter -->
<testsuite skipped="0" hostname="Potatos-Mac" name="TestCases.UploadContractTest" tests="3" failures="0" timestamp="2021-02-10T17:53:55 WIB" time="13.431" errors="0">
  <testcase name="signIn" time="5.681" classname="TestCases.UploadContractTest"/>
  <testcase name="G01_UploadFile" time="2.920" classname="TestCases.UploadContractTest"/>
  <testcase name="G02_DownloadFile" time="4.830" classname="TestCases.UploadContractTest"/>
</testsuite> <!-- TestCases.UploadContractTest -->
