<?xml version="1.0" encoding="UTF-8"?>
<!-- Generated by org.testng.reporters.JUnitReportReporter -->
<testsuite skipped="0" hostname="Potatos-Mac" name="TestCases.DocumentationTest" tests="7" failures="0" timestamp="2021-01-28T18:09:22 WIB" time="6.324" errors="0">
  <testcase name="signIn" time="4.234" classname="TestCases.DocumentationTest"/>
  <testcase name="H05_Reporting" time="0.265" classname="TestCases.DocumentationTest"/>
  <testcase name="H04_Integration" time="0.357" classname="TestCases.DocumentationTest"/>
  <testcase name="H06_FAQ" time="0.343" classname="TestCases.DocumentationTest"/>
  <testcase name="H03_ServiceOnBoarding" time="0.309" classname="TestCases.DocumentationTest"/>
  <testcase name="H01_GettingStarted" time="0.508" classname="TestCases.DocumentationTest"/>
  <testcase name="H02_MerchantOnBoarding" time="0.308" classname="TestCases.DocumentationTest"/>
</testsuite> <!-- TestCases.DocumentationTest -->
