<?xml version="1.0" encoding="UTF-8"?>
<!-- Generated by org.testng.reporters.JUnitReportReporter -->
<testsuite hostname="Potatos-Mac" failures="0" tests="5" name="TestCases.AppPages" time="77.791" errors="0" timestamp="2020-04-13T17:59:52 WIB" skipped="0">
  <testcase classname="TestCases.AppPages" name="B_002_CreateNewKeyPage" time="23.584"/>
  <testcase classname="TestCases.AppPages" name="B_001_displayOfListPage" time="2.199"/>
  <testcase classname="TestCases.AppPages" name="B_004_editAppPage" time="31.997"/>
  <testcase classname="TestCases.AppPages" name="B_005_deleteAppPage" time="14.518"/>
  <testcase classname="TestCases.AppPages" name="login" time="5.493"/>
</testsuite> <!-- TestCases.AppPages -->
