<?xml version="1.0" encoding="UTF-8"?>
<!-- Generated by org.testng.reporters.JUnitReportReporter -->
<testsuite skipped="1" hostname="Potatos-Mac.local" name="TestCases.UserApprovalTest" tests="4" failures="0" timestamp="2021-02-05T18:57:59 WIB" time="10.324" errors="0">
  <testcase name="signIn" time="4.194" classname="TestCases.UserApprovalTest"/>
  <testcase name="O01_ClickOnApproveButtonRejectButtonWithoutSelectCheckbox" time="3.965" classname="TestCases.UserApprovalTest"/>
  <testcase name="O02_ApproveUser" time="2.165" classname="TestCases.UserApprovalTest"/>
  <testcase name="O02_RejectUser" classname="TestCases.UserApprovalTest">
    <skipped/>
  </testcase> <!-- O02_RejectUser -->
</testsuite> <!-- TestCases.UserApprovalTest -->
