<?xml version="1.0" encoding="UTF-8"?>
<!-- Generated by org.testng.reporters.JUnitReportReporter -->
<testsuite hostname="Potatos-Mac" failures="0" tests="5" name="TestCases.Series" time="27.680" errors="0" timestamp="2020-04-13T17:59:52 WIB" skipped="0">
  <testcase classname="TestCases.Series" name="D_002_CreateNewSeries" time="4.629"/>
  <testcase classname="TestCases.Series" name="login" time="5.387"/>
  <testcase classname="TestCases.Series" name="D_004_DeleteSeries" time="8.988"/>
  <testcase classname="TestCases.Series" name="D_001_DisplayofPlaylistList" time="2.255"/>
  <testcase classname="TestCases.Series" name="D_003_EditSeries" time="6.421"/>
</testsuite> <!-- TestCases.Series -->
