<?xml version="1.0" encoding="UTF-8"?>
<!-- Generated by org.testng.reporters.JUnitReportReporter -->
<testsuite skipped="1" hostname="Potatos-Mac.local" name="TestCases.AuthenticationSignUpTest2" tests="6" failures="0" timestamp="2021-02-05T18:57:59 WIB" time="44.851" errors="0">
  <testcase name="A02_SignUpWithValidCredential" time="28.812" classname="TestCases.AuthenticationSignUpTest2"/>
  <testcase name="A03_SecondStepSignUp" time="1.930" classname="TestCases.AuthenticationSignUpTest2"/>
  <testcase name="A04_ThirdStepSignUp" time="0.810" classname="TestCases.AuthenticationSignUpTest2"/>
  <testcase name="A05_FouthStepofSignUp" time="6.192" classname="TestCases.AuthenticationSignUpTest2"/>
  <testcase name="A06_VerifyEmailPage" time="7.107" classname="TestCases.AuthenticationSignUpTest2"/>
  <testcase name="A07_EmailVerificationSuccess" classname="TestCases.AuthenticationSignUpTest2">
    <skipped/>
  </testcase> <!-- A07_EmailVerificationSuccess -->
</testsuite> <!-- TestCases.AuthenticationSignUpTest2 -->
