<?xml version="1.0" encoding="UTF-8"?>
<!-- Generated by org.testng.reporters.JUnitReportReporter -->
<testsuite skipped="0" hostname="Potatos-Mac" name="TestCases.test1" tests="3" failures="0" timestamp="2021-01-31T06:10:09 WIB" time="3.728" errors="0">
  <testcase name="signIn" time="3.714" classname="TestCases.test1"/>
  <testcase name="halo" time="0.011" classname="TestCases.test1"/>
  <testcase name="halo2" time="0.003" classname="TestCases.test1"/>
</testsuite> <!-- TestCases.test1 -->
