<?xml version="1.0" encoding="UTF-8"?>
<!-- Generated by org.testng.reporters.JUnitReportReporter -->
<testsuite hostname="Potatos-Mac" failures="0" tests="8" name="TestCases.Playlist" time="49.398" errors="0" timestamp="2020-04-13T17:59:52 WIB" skipped="0">
  <testcase classname="TestCases.Playlist" name="C_003_EditSeriesPlaylist" time="5.340"/>
  <testcase classname="TestCases.Playlist" name="C_006_EditMoviesPlaylist" time="6.332"/>
  <testcase classname="TestCases.Playlist" name="C_004_DeleteSeriesPlaylist" time="7.256"/>
  <testcase classname="TestCases.Playlist" name="C_005_CreateNewMoviesPlaylist" time="5.422"/>
  <testcase classname="TestCases.Playlist" name="C_002_CreateNewSeriesPlaylist" time="8.693"/>
  <testcase classname="TestCases.Playlist" name="C_007_DeleteMoviesPlaylist" time="6.719"/>
  <testcase classname="TestCases.Playlist" name="C_001_DisplayofPlaylistList" time="4.184"/>
  <testcase classname="TestCases.Playlist" name="login" time="5.452"/>
</testsuite> <!-- TestCases.Playlist -->
