<?xml version="1.0" encoding="UTF-8"?>
<!-- Generated by org.testng.reporters.JUnitReportReporter -->
<testsuite skipped="0" hostname="Potatos-Mac.local" name="TestCases.AuthenticationSignInTest" tests="3" failures="0" timestamp="2021-02-05T18:57:59 WIB" time="6.490" errors="0">
  <testcase name="B01_LoginWithInvalidCredential" time="1.115" classname="TestCases.AuthenticationSignInTest"/>
  <testcase name="B02_LoginWithUnverifiedUserAccount" time="1.561" classname="TestCases.AuthenticationSignInTest"/>
  <testcase name="B03_LoginWithVerifiedUserAccount" time="3.814" classname="TestCases.AuthenticationSignInTest"/>
</testsuite> <!-- TestCases.AuthenticationSignInTest -->
