<?xml version="1.0" encoding="UTF-8"?>
<!-- Generated by org.testng.reporters.JUnitReportReporter -->
<testsuite hostname="Potatos-Mac" failures="0" tests="5" name="TestCases.AppConfiguration" time="20.039" errors="0" timestamp="2020-04-13T17:59:52 WIB" skipped="0">
  <testcase classname="TestCases.AppConfiguration" name="G_001_DisplayofPlaylistList" time="2.294"/>
  <testcase classname="TestCases.AppConfiguration" name="login" time="5.476"/>
  <testcase classname="TestCases.AppConfiguration" name="G_002_CreateNewAppConfiguration" time="5.165"/>
  <testcase classname="TestCases.AppConfiguration" name="G_002_EditppConfiguration" time="3.926"/>
  <testcase classname="TestCases.AppConfiguration" name="G_003_DeleteAppConfiguration" time="3.178"/>
</testsuite> <!-- TestCases.AppConfiguration -->
