<?xml version="1.0" encoding="UTF-8"?>
<!-- Generated by org.testng.reporters.JUnitReportReporter -->
<testsuite skipped="0" hostname="Potatos-Mac.local" name="TestCases.ForgetPasswordTest" tests="3" failures="0" timestamp="2021-02-05T18:57:59 WIB" time="4.570" errors="0">
  <testcase name="C01_UnverifiedUserTryToForgetPassword" time="0.766" classname="TestCases.ForgetPasswordTest"/>
  <testcase name="C02_ForgetPasswordWithInvalidEmailCredential" time="0.446" classname="TestCases.ForgetPasswordTest"/>
  <testcase name="C03_ForgetPasswordWithValidEmailCredential" time="3.358" classname="TestCases.ForgetPasswordTest"/>
</testsuite> <!-- TestCases.ForgetPasswordTest -->
