<?xml version="1.0" encoding="UTF-8"?>
<!-- Generated by org.testng.reporters.JUnitReportReporter -->
<testsuite skipped="0" hostname="Potatos-Mac.local" name="TestCases.ServiceManagementTest" tests="5" failures="0" timestamp="2021-02-09T17:31:02 WIB" time="19.759" errors="0">
  <testcase name="signIn" time="3.867" classname="TestCases.ServiceManagementTest"/>
  <testcase name="R01_ViewServiceManagement" time="1.634" classname="TestCases.ServiceManagementTest"/>
  <testcase name="R02_SearchServiceManagement" time="4.675" classname="TestCases.ServiceManagementTest"/>
  <testcase name="R03_ApproveService" time="0.623" classname="TestCases.ServiceManagementTest"/>
  <testcase name="R04_RejectService" time="8.960" classname="TestCases.ServiceManagementTest"/>
</testsuite> <!-- TestCases.ServiceManagementTest -->
